<?xml version="1.0" encoding="UTF-8"?>
<!-- Generated by org.testng.reporters.JUnitReportReporter -->
<testsuite hostname="pradeep-Lenovo-U41-70" failures="0" tests="4" name="Test.Test.UnitTest" time="0.001" errors="0" timestamp="07 Apr 2019 10:56:43 GMT" skipped="0">
  <testcase classname="Test.Test.UnitTest" name="first" time="0.000"/>
  <testcase classname="Test.Test.UnitTest" name="fourth" time="0.000"/>
  <testcase classname="Test.Test.UnitTest" name="third" time="0.000"/>
  <testcase classname="Test.Test.UnitTest" name="sec" time="0.001"/>
</testsuite> <!-- Test.Test.UnitTest -->
